<?xml version="1.0" encoding="UTF-8"?>
<!-- Generated by org.testng.reporters.JUnitXMLReporter -->
<testsuite hostname="DESKTOP-0O7QH13" ignored="0" name="ExtentReportTest" tests="7" failures="1" timestamp="13 Oct 2018 21:26:09 GMT" time="81.98" errors="0">
  <testcase name="clickOnLoginBtn" time="0.0" classname="seleniumpractice.Selenium">
    <failure type="org.testng.TestNGException" message="
Parameter &amp;apos;mail&amp;apos; is required by @Test on method clickOnLoginBtn but has not been marked @Optional or defined
in D:\Automation\Practice\Soltex\Practice\TestNG.xml">
      <![CDATA[org.testng.TestNGException: 
Parameter 'mail' is required by @Test on method clickOnLoginBtn but has not been marked @Optional or defined
in D:\Automation\Practice\Soltex\Practice\TestNG.xml
... Removed 24 stack frames]]>
    </failure>
  </testcase> <!-- clickOnLoginBtn -->
  <testcase name="rightClick" time="0.317" classname="seleniumpractice.Selenium"/>
  <testcase name="upperCase" time="0.254" classname="seleniumpractice.Selenium"/>
  <testcase name="windowResize" time="0.247" classname="seleniumpractice.Selenium"/>
  <testcase name="selectElementWithSameLocator" time="14.852" classname="seleniumpractice.Selenium"/>
  <testcase name="enterUserId" time="7.363" classname="seleniumpractice.Selenium"/>
  <testcase name="enterPassword" time="8.468" classname="seleniumpractice.Selenium"/>
</testsuite> <!-- ExtentReportTest -->
