<?xml version="1.0" encoding="UTF-8"?>
<!-- Generated by org.testng.reporters.JUnitReportReporter -->
<testsuite skipped="0" hostname="DESKTOP-0O7QH13" name="seleniumpractice.Selenium" tests="7" failures="0" timestamp="13 Oct 2018 21:26:09 GMT" time="81.915" errors="1">
  <testcase name="rightClick" time="10.157" classname="seleniumpractice.Selenium"/>
  <testcase name="windowResize" time="8.076" classname="seleniumpractice.Selenium"/>
  <testcase name="clickOnLoginBtn" time="7.908" classname="seleniumpractice.Selenium">
    <error type="org.testng.TestNGException" message="
Parameter &#039;mail&#039; is required by @Test on method clickOnLoginBtn but has not been marked @Optional or defined
in D:\Automation\Practice\Soltex\Practice\TestNG.xml">
      <![CDATA[org.testng.TestNGException: 
Parameter 'mail' is required by @Test on method clickOnLoginBtn but has not been marked @Optional or defined
in D:\Automation\Practice\Soltex\Practice\TestNG.xml
at org.testng.internal.Parameters.createParams(Parameters.java:290)
at org.testng.internal.Parameters.createParametersForMethod(Parameters.java:359)
at org.testng.internal.Parameters.createParameters(Parameters.java:620)
at org.testng.internal.Parameters.handleParameters(Parameters.java:769)
at org.testng.internal.ParameterHandler.handleParameters(ParameterHandler.java:49)
at org.testng.internal.ParameterHandler.createParameters(ParameterHandler.java:37)
at org.testng.internal.Invoker.invokeTestMethods(Invoker.java:924)
at org.testng.internal.TestMethodWorker.invokeTestMethods(TestMethodWorker.java:125)
at org.testng.internal.TestMethodWorker.run(TestMethodWorker.java:109)
at org.testng.TestRunner.privateRun(TestRunner.java:648)
at org.testng.TestRunner.run(TestRunner.java:505)
at org.testng.SuiteRunner.runTest(SuiteRunner.java:455)
at org.testng.SuiteRunner.runSequentially(SuiteRunner.java:450)
at org.testng.SuiteRunner.privateRun(SuiteRunner.java:415)
at org.testng.SuiteRunner.run(SuiteRunner.java:364)
at org.testng.SuiteRunnerWorker.runSuite(SuiteRunnerWorker.java:52)
at org.testng.SuiteRunnerWorker.run(SuiteRunnerWorker.java:84)
at org.testng.TestNG.runSuitesSequentially(TestNG.java:1208)
at org.testng.TestNG.runSuitesLocally(TestNG.java:1137)
at org.testng.TestNG.runSuites(TestNG.java:1049)
at org.testng.TestNG.run(TestNG.java:1017)
at org.testng.remote.AbstractRemoteTestNG.run(AbstractRemoteTestNG.java:114)
at org.testng.remote.RemoteTestNG.initAndRun(RemoteTestNG.java:251)
at org.testng.remote.RemoteTestNG.main(RemoteTestNG.java:77)
]]>
    </error>
  </testcase> <!-- clickOnLoginBtn -->
  <testcase name="upperCase" time="8.502" classname="seleniumpractice.Selenium"/>
  <testcase name="selectElementWithSameLocator" time="23.113" classname="seleniumpractice.Selenium"/>
  <testcase name="enterUserId" time="15.691" classname="seleniumpractice.Selenium"/>
  <testcase name="enterPassword" time="8.468" classname="seleniumpractice.Selenium"/>
</testsuite> <!-- seleniumpractice.Selenium -->
